<?xml version="1.0" encoding="UTF-8"?>
<testng-results skipped="0" failed="0" ignored="0" total="4" passed="4">
  <reporter-output>
  </reporter-output>
  <suite name="Automation Test Suite" duration-ms="84194" started-at="2020-03-21T03:10:49Z" finished-at="2020-03-21T03:12:13Z">
    <groups>
      <group name="cucumber">
        <method signature="AbstractTestNGCucumberTests.feature(cucumber.api.testng.CucumberFeatureWrapper)[pri:0, instance:com.usa.myrunner.MyRunner@5ea434c8]" name="feature" class="cucumber.api.testng.AbstractTestNGCucumberTests"/>
      </group> <!-- cucumber -->
    </groups>
    <test name="PMCS Login test" duration-ms="84194" started-at="2020-03-21T03:10:49Z" finished-at="2020-03-21T03:12:13Z">
      <class name="com.usa.myrunner.MyRunner">
        <test-method status="PASS" signature="setUpClass()[pri:0, instance:com.usa.myrunner.MyRunner@5ea434c8]" name="setUpClass" is-config="true" duration-ms="418" started-at="2020-03-21T03:11:28Z" finished-at="2020-03-21T03:11:28Z">
          <reporter-output>
          </reporter-output>
        </test-method> <!-- setUpClass -->
        <test-method status="PASS" signature="feature(cucumber.api.testng.CucumberFeatureWrapper)[pri:0, instance:com.usa.myrunner.MyRunner@5ea434c8]" name="feature" duration-ms="15254" started-at="2020-03-21T03:11:28Z" description="Runs Cucumber Feature" data-provider="features" finished-at="2020-03-21T03:11:43Z">
          <params>
            <param index="0">
              <value>
                <![CDATA[Users can buy the Property sell the Property & compaire the Property price from the online https://www.zoopla.co.uk/ website]]>
              </value>
            </param>
          </params>
          <reporter-output>
          </reporter-output>
        </test-method> <!-- feature -->
        <test-method status="PASS" signature="feature(cucumber.api.testng.CucumberFeatureWrapper)[pri:0, instance:com.usa.myrunner.MyRunner@5ea434c8]" name="feature" duration-ms="29639" started-at="2020-03-21T03:11:43Z" description="Runs Cucumber Feature" data-provider="features" finished-at="2020-03-21T03:12:13Z">
          <params>
            <param index="0">
              <value>
                <![CDATA[Users can buy the Property sell the Property & compaire the Property price from the online https://www.zoopla.co.uk/ website]]>
              </value>
            </param>
          </params>
          <reporter-output>
          </reporter-output>
        </test-method> <!-- feature -->
        <test-method status="PASS" signature="tearDownClass()[pri:0, instance:com.usa.myrunner.MyRunner@5ea434c8]" name="tearDownClass" is-config="true" duration-ms="39" started-at="2020-03-21T03:12:13Z" finished-at="2020-03-21T03:12:13Z">
          <reporter-output>
          </reporter-output>
        </test-method> <!-- tearDownClass -->
      </class> <!-- com.usa.myrunner.MyRunner -->
      <class name="com.usa.logintest.LoginTest">
        <test-method status="PASS" signature="setUp()[pri:0, instance:com.usa.logintest.LoginTest@67e2d983]" name="setUp" is-config="true" duration-ms="13167" started-at="2020-03-21T03:10:49Z" finished-at="2020-03-21T03:11:02Z">
          <reporter-output>
          </reporter-output>
        </test-method> <!-- setUp -->
        <test-method status="PASS" signature="getLoginValidation()[pri:0, instance:com.usa.logintest.LoginTest@67e2d983]" name="getLoginValidation" duration-ms="2904" started-at="2020-03-21T03:11:02Z" finished-at="2020-03-21T03:11:05Z">
          <reporter-output>
          </reporter-output>
        </test-method> <!-- getLoginValidation -->
        <test-method status="PASS" signature="tearDown()[pri:0, instance:com.usa.logintest.LoginTest@67e2d983]" name="tearDown" is-config="true" duration-ms="709" started-at="2020-03-21T03:11:05Z" finished-at="2020-03-21T03:11:06Z">
          <reporter-output>
          </reporter-output>
        </test-method> <!-- tearDown -->
      </class> <!-- com.usa.logintest.LoginTest -->
      <class name="com.usa.logintest.FindPropertyTest">
        <test-method status="PASS" signature="setUp()[pri:0, instance:com.usa.logintest.FindPropertyTest@5d47c63f]" name="setUp" is-config="true" duration-ms="14457" started-at="2020-03-21T03:11:06Z" finished-at="2020-03-21T03:11:20Z">
          <reporter-output>
          </reporter-output>
        </test-method> <!-- setUp -->
        <test-method status="PASS" signature="findProperties()[pri:0, instance:com.usa.logintest.FindPropertyTest@5d47c63f]" name="findProperties" duration-ms="6343" started-at="2020-03-21T03:11:20Z" finished-at="2020-03-21T03:11:27Z">
          <reporter-output>
          </reporter-output>
        </test-method> <!-- findProperties -->
        <test-method status="PASS" signature="tearDown()[pri:0, instance:com.usa.logintest.FindPropertyTest@5d47c63f]" name="tearDown" is-config="true" duration-ms="739" started-at="2020-03-21T03:11:27Z" finished-at="2020-03-21T03:11:28Z">
          <reporter-output>
          </reporter-output>
        </test-method> <!-- tearDown -->
      </class> <!-- com.usa.logintest.FindPropertyTest -->
    </test> <!-- PMCS Login test -->
  </suite> <!-- Automation Test Suite -->
</testng-results>
