<?xml version="1.0" encoding="UTF-8"?>
<!-- Generated by org.testng.reporters.JUnitXMLReporter -->
<testsuite hostname="DESKTOP-VMLH7M4" ignored="0" name="PMCS Login test" tests="4" failures="0" timestamp="21 Mar 2020 03:12:13 GMT" time="84.194" errors="0">
  <testcase name="getLoginValidation" time="2.904" classname="com.usa.logintest.LoginTest"/>
  <testcase name="findProperties" time="6.343" classname="com.usa.logintest.FindPropertyTest"/>
  <testcase name="feature" time="15.254" classname="cucumber.api.testng.AbstractTestNGCucumberTests"/>
  <testcase name="feature" time="29.639" classname="cucumber.api.testng.AbstractTestNGCucumberTests"/>
</testsuite> <!-- PMCS Login test -->
